<?xml version="1.0" encoding="UTF-8"?>
<testng-results ignored="0" total="0" passed="0" failed="0" skipped="0">
  <reporter-output>
    <line>
      <![CDATA[createCustomer]]>
    </line>
  </reporter-output>
  <suite started-at="2024-09-01T12:30:54 IST" name="Suite" finished-at="2024-09-01T12:30:54 IST" duration-ms="28">
    <groups>
    </groups>
    <test started-at="2024-09-01T12:30:54 IST" name="Test" finished-at="2024-09-01T12:30:54 IST" duration-ms="28">
      <class name="com.actitime.testscript.CustomerModule">
        <test-method is-config="true" signature="createCustomer()[pri:0, instance:com.actitime.testscript.CustomerModule@37afeb11]" started-at="2024-09-01T12:30:54 IST" name="createCustomer" finished-at="2024-09-01T12:30:54 IST" duration-ms="13" status="PASS">
          <reporter-output>
            <line>
              <![CDATA[createCustomer]]>
            </line>
          </reporter-output>
        </test-method> <!-- createCustomer -->
      </class> <!-- com.actitime.testscript.CustomerModule -->
    </test> <!-- Test -->
  </suite> <!-- Suite -->
</testng-results>
